{"D:\\Learning\\Foyzul vai\\percel_koi\\Mongo_Express_practice\\src\\app.js": {"path":"D:\\Learning\\Foyzul vai\\percel_koi\\Mongo_Express_practice\\src\\app.js","statementMap":{"0":{"start":{"line":6,"column":0},"end":{"line":6,"column":16}},"1":{"start":{"line":8,"column":12},"end":{"line":8,"column":21}},"2":{"start":{"line":10,"column":0},"end":{"line":10,"column":24}},"3":{"start":{"line":12,"column":0},"end":{"line":12,"column":23}},"4":{"start":{"line":13,"column":0},"end":{"line":13,"column":61}},"5":{"start":{"line":13,"column":39},"end":{"line":13,"column":61}},"6":{"start":{"line":14,"column":0},"end":{"line":14,"column":15}},"7":{"start":{"line":16,"column":0},"end":{"line":16,"column":22}}},"fnMap":{},"branchMap":{"0":{"loc":{"start":{"line":13,"column":0},"end":{"line":13,"column":61}},"type":"if","locations":[{"start":{"line":13,"column":0},"end":{"line":13,"column":61}},{"start":{},"end":{}}],"line":13}},"s":{"0":1,"1":1,"2":1,"3":1,"4":1,"5":0,"6":1,"7":1},"f":{},"b":{"0":[0,1]},"_coverageSchema":"1a1c01bbd47fc00a2c39e90264f33305004495a9","hash":"f1973da67f091a97c24ae50d7506b7293486a92d"}
,"D:\\Learning\\Foyzul vai\\percel_koi\\Mongo_Express_practice\\src\\logger.js": {"path":"D:\\Learning\\Foyzul vai\\percel_koi\\Mongo_Express_practice\\src\\logger.js","statementMap":{"0":{"start":{"line":7,"column":19},"end":{"line":13,"column":1}},"1":{"start":{"line":8,"column":12},"end":{"line":11,"column":3}},"2":{"start":{"line":12,"column":2},"end":{"line":12,"column":29}},"3":{"start":{"line":15,"column":28},"end":{"line":20,"column":4}},"4":{"start":{"line":16,"column":2},"end":{"line":20,"column":4}},"5":{"start":{"line":29,"column":26},"end":{"line":44,"column":4}},"6":{"start":{"line":30,"column":2},"end":{"line":44,"column":4}},"7":{"start":{"line":46,"column":27},"end":{"line":56,"column":4}},"8":{"start":{"line":47,"column":2},"end":{"line":56,"column":4}}},"fnMap":{"0":{"name":"(anonymous_0)","decl":{"start":{"line":7,"column":19},"end":{"line":7,"column":20}},"loc":{"start":{"line":7,"column":33},"end":{"line":13,"column":1}},"line":7},"1":{"name":"(anonymous_1)","decl":{"start":{"line":15,"column":28},"end":{"line":15,"column":29}},"loc":{"start":{"line":16,"column":2},"end":{"line":20,"column":4}},"line":16},"2":{"name":"(anonymous_2)","decl":{"start":{"line":29,"column":26},"end":{"line":29,"column":27}},"loc":{"start":{"line":30,"column":2},"end":{"line":44,"column":4}},"line":30},"3":{"name":"(anonymous_3)","decl":{"start":{"line":46,"column":27},"end":{"line":46,"column":28}},"loc":{"start":{"line":47,"column":2},"end":{"line":56,"column":4}},"line":47}},"branchMap":{},"s":{"0":1,"1":0,"2":0,"3":1,"4":0,"5":1,"6":0,"7":1,"8":0},"f":{"0":0,"1":0,"2":0,"3":0},"b":{},"_coverageSchema":"1a1c01bbd47fc00a2c39e90264f33305004495a9","hash":"1a9ab743b21f998459048cb8a2ececd169a269a2"}
,"D:\\Learning\\Foyzul vai\\percel_koi\\Mongo_Express_practice\\src\\controllers\\index.js": {"path":"D:\\Learning\\Foyzul vai\\percel_koi\\Mongo_Express_practice\\src\\controllers\\index.js","statementMap":{"0":{"start":{"line":3,"column":17},"end":{"line":5,"column":1}},"1":{"start":{"line":4,"column":4},"end":{"line":4,"column":33}}},"fnMap":{"0":{"name":"(anonymous_0)","decl":{"start":{"line":3,"column":17},"end":{"line":3,"column":18}},"loc":{"start":{"line":3,"column":25},"end":{"line":5,"column":1}},"line":3}},"branchMap":{},"s":{"0":1,"1":1},"f":{"0":1},"b":{},"_coverageSchema":"1a1c01bbd47fc00a2c39e90264f33305004495a9","hash":"3ac63c8d8f747b9a151456a3c38a45bb3f80d8c7"}
,"D:\\Learning\\Foyzul vai\\percel_koi\\Mongo_Express_practice\\src\\controllers\\userController.js": {"path":"D:\\Learning\\Foyzul vai\\percel_koi\\Mongo_Express_practice\\src\\controllers\\userController.js","statementMap":{"0":{"start":{"line":13,"column":15},"end":{"line":13,"column":31}},"1":{"start":{"line":15,"column":19},"end":{"line":22,"column":1}},"2":{"start":{"line":16,"column":2},"end":{"line":21,"column":3}},"3":{"start":{"line":17,"column":18},"end":{"line":17,"column":37}},"4":{"start":{"line":18,"column":4},"end":{"line":18,"column":32}},"5":{"start":{"line":20,"column":4},"end":{"line":20,"column":33}},"6":{"start":{"line":23,"column":23},"end":{"line":35,"column":1}},"7":{"start":{"line":24,"column":2},"end":{"line":34,"column":3}},"8":{"start":{"line":25,"column":15},"end":{"line":25,"column":28}},"9":{"start":{"line":26,"column":17},"end":{"line":26,"column":38}},"10":{"start":{"line":27,"column":4},"end":{"line":31,"column":5}},"11":{"start":{"line":28,"column":6},"end":{"line":28,"column":29}},"12":{"start":{"line":30,"column":6},"end":{"line":30,"column":59}},"13":{"start":{"line":33,"column":4},"end":{"line":33,"column":33}},"14":{"start":{"line":36,"column":20},"end":{"line":44,"column":1}},"15":{"start":{"line":37,"column":2},"end":{"line":43,"column":3}},"16":{"start":{"line":38,"column":17},"end":{"line":38,"column":25}},"17":{"start":{"line":39,"column":17},"end":{"line":39,"column":37}},"18":{"start":{"line":40,"column":4},"end":{"line":40,"column":35}},"19":{"start":{"line":42,"column":4},"end":{"line":42,"column":33}},"20":{"start":{"line":46,"column":19},"end":{"line":54,"column":1}},"21":{"start":{"line":47,"column":2},"end":{"line":53,"column":3}},"22":{"start":{"line":48,"column":17},"end":{"line":48,"column":25}},"23":{"start":{"line":49,"column":17},"end":{"line":49,"column":35}},"24":{"start":{"line":50,"column":4},"end":{"line":50,"column":35}},"25":{"start":{"line":52,"column":4},"end":{"line":52,"column":33}},"26":{"start":{"line":56,"column":22},"end":{"line":64,"column":1}},"27":{"start":{"line":57,"column":2},"end":{"line":63,"column":3}},"28":{"start":{"line":58,"column":15},"end":{"line":58,"column":28}},"29":{"start":{"line":59,"column":4},"end":{"line":59,"column":25}},"30":{"start":{"line":60,"column":4},"end":{"line":60,"column":41}},"31":{"start":{"line":62,"column":4},"end":{"line":62,"column":33}},"32":{"start":{"line":66,"column":0},"end":{"line":66,"column":28}},"33":{"start":{"line":68,"column":0},"end":{"line":68,"column":35}},"34":{"start":{"line":69,"column":0},"end":{"line":69,"column":79}},"35":{"start":{"line":70,"column":0},"end":{"line":70,"column":28}},"36":{"start":{"line":71,"column":0},"end":{"line":71,"column":37}},"37":{"start":{"line":73,"column":18},"end":{"line":75,"column":1}},"38":{"start":{"line":74,"column":2},"end":{"line":74,"column":28}}},"fnMap":{"0":{"name":"(anonymous_0)","decl":{"start":{"line":15,"column":19},"end":{"line":15,"column":20}},"loc":{"start":{"line":15,"column":45},"end":{"line":22,"column":1}},"line":15},"1":{"name":"(anonymous_1)","decl":{"start":{"line":23,"column":23},"end":{"line":23,"column":24}},"loc":{"start":{"line":23,"column":49},"end":{"line":35,"column":1}},"line":23},"2":{"name":"(anonymous_2)","decl":{"start":{"line":36,"column":20},"end":{"line":36,"column":21}},"loc":{"start":{"line":36,"column":46},"end":{"line":44,"column":1}},"line":36},"3":{"name":"(anonymous_3)","decl":{"start":{"line":46,"column":19},"end":{"line":46,"column":20}},"loc":{"start":{"line":46,"column":45},"end":{"line":54,"column":1}},"line":46},"4":{"name":"(anonymous_4)","decl":{"start":{"line":56,"column":22},"end":{"line":56,"column":23}},"loc":{"start":{"line":56,"column":48},"end":{"line":64,"column":1}},"line":56},"5":{"name":"(anonymous_5)","decl":{"start":{"line":73,"column":18},"end":{"line":73,"column":19}},"loc":{"start":{"line":73,"column":27},"end":{"line":75,"column":1}},"line":73}},"branchMap":{"0":{"loc":{"start":{"line":27,"column":4},"end":{"line":31,"column":5}},"type":"if","locations":[{"start":{"line":27,"column":4},"end":{"line":31,"column":5}},{"start":{"line":29,"column":11},"end":{"line":31,"column":5}}],"line":27}},"s":{"0":1,"1":1,"2":1,"3":1,"4":1,"5":0,"6":1,"7":1,"8":1,"9":1,"10":1,"11":0,"12":1,"13":1,"14":1,"15":0,"16":0,"17":0,"18":0,"19":0,"20":1,"21":0,"22":0,"23":0,"24":0,"25":0,"26":1,"27":1,"28":1,"29":1,"30":1,"31":0,"32":1,"33":1,"34":1,"35":1,"36":1,"37":1,"38":1},"f":{"0":1,"1":1,"2":0,"3":0,"4":1,"5":1},"b":{"0":[0,1]},"_coverageSchema":"1a1c01bbd47fc00a2c39e90264f33305004495a9","hash":"70fb12a36b3e7a098c0b7022be7c3fd6a8239e21"}
,"D:\\Learning\\Foyzul vai\\percel_koi\\Mongo_Express_practice\\src\\middlewares\\index.js": {"path":"D:\\Learning\\Foyzul vai\\percel_koi\\Mongo_Express_practice\\src\\middlewares\\index.js","statementMap":{"0":{"start":{"line":3,"column":28},"end":{"line":14,"column":1}},"1":{"start":{"line":4,"column":13},"end":{"line":4,"column":16}},"2":{"start":{"line":5,"column":2},"end":{"line":8,"column":3}},"3":{"start":{"line":6,"column":4},"end":{"line":6,"column":25}},"4":{"start":{"line":9,"column":22},"end":{"line":9,"column":53}},"5":{"start":{"line":10,"column":2},"end":{"line":13,"column":5}},"6":{"start":{"line":16,"column":29},"end":{"line":25,"column":1}},"7":{"start":{"line":17,"column":22},"end":{"line":17,"column":53}},"8":{"start":{"line":18,"column":2},"end":{"line":21,"column":3}},"9":{"start":{"line":19,"column":4},"end":{"line":19,"column":42}},"10":{"start":{"line":20,"column":4},"end":{"line":20,"column":52}},"11":{"start":{"line":23,"column":2},"end":{"line":23,"column":45}},"12":{"start":{"line":24,"column":2},"end":{"line":24,"column":16}},"13":{"start":{"line":27,"column":32},"end":{"line":39,"column":1}},"14":{"start":{"line":28,"column":2},"end":{"line":38,"column":4}},"15":{"start":{"line":29,"column":19},"end":{"line":29,"column":37}},"16":{"start":{"line":30,"column":20},"end":{"line":30,"column":40}},"17":{"start":{"line":31,"column":4},"end":{"line":33,"column":5}},"18":{"start":{"line":32,"column":6},"end":{"line":32,"column":20}},"19":{"start":{"line":34,"column":24},"end":{"line":34,"column":36}},"20":{"start":{"line":35,"column":21},"end":{"line":35,"column":50}},"21":{"start":{"line":35,"column":40},"end":{"line":35,"column":49}},"22":{"start":{"line":36,"column":16},"end":{"line":36,"column":34}},"23":{"start":{"line":37,"column":4},"end":{"line":37,"column":30}}},"fnMap":{"0":{"name":"(anonymous_0)","decl":{"start":{"line":3,"column":28},"end":{"line":3,"column":29}},"loc":{"start":{"line":3,"column":59},"end":{"line":14,"column":1}},"line":3},"1":{"name":"(anonymous_1)","decl":{"start":{"line":16,"column":29},"end":{"line":16,"column":30}},"loc":{"start":{"line":16,"column":55},"end":{"line":25,"column":1}},"line":16},"2":{"name":"(anonymous_2)","decl":{"start":{"line":27,"column":32},"end":{"line":27,"column":33}},"loc":{"start":{"line":27,"column":46},"end":{"line":39,"column":1}},"line":27},"3":{"name":"(anonymous_3)","decl":{"start":{"line":28,"column":9},"end":{"line":28,"column":10}},"loc":{"start":{"line":28,"column":29},"end":{"line":38,"column":3}},"line":28},"4":{"name":"(anonymous_4)","decl":{"start":{"line":35,"column":33},"end":{"line":35,"column":34}},"loc":{"start":{"line":35,"column":40},"end":{"line":35,"column":49}},"line":35}},"branchMap":{"0":{"loc":{"start":{"line":5,"column":2},"end":{"line":8,"column":3}},"type":"if","locations":[{"start":{"line":5,"column":2},"end":{"line":8,"column":3}},{"start":{},"end":{}}],"line":5},"1":{"loc":{"start":{"line":18,"column":2},"end":{"line":21,"column":3}},"type":"if","locations":[{"start":{"line":18,"column":2},"end":{"line":21,"column":3}},{"start":{},"end":{}}],"line":18},"2":{"loc":{"start":{"line":31,"column":4},"end":{"line":33,"column":5}},"type":"if","locations":[{"start":{"line":31,"column":4},"end":{"line":33,"column":5}},{"start":{},"end":{}}],"line":31}},"s":{"0":1,"1":1,"2":1,"3":1,"4":1,"5":1,"6":1,"7":3,"8":3,"9":3,"10":3,"11":3,"12":3,"13":1,"14":1,"15":0,"16":0,"17":0,"18":0,"19":0,"20":0,"21":0,"22":0,"23":0},"f":{"0":1,"1":3,"2":1,"3":0,"4":0},"b":{"0":[1,0],"1":[3,0],"2":[0,0]},"_coverageSchema":"1a1c01bbd47fc00a2c39e90264f33305004495a9","hash":"e2bc02ec2804724fe61c3e5630463744ccd40a4c"}
,"D:\\Learning\\Foyzul vai\\percel_koi\\Mongo_Express_practice\\src\\models\\index.js": {"path":"D:\\Learning\\Foyzul vai\\percel_koi\\Mongo_Express_practice\\src\\models\\index.js","statementMap":{"0":{"start":{"line":3,"column":15},"end":{"line":3,"column":23}}},"fnMap":{},"branchMap":{},"s":{"0":1},"f":{},"b":{},"_coverageSchema":"1a1c01bbd47fc00a2c39e90264f33305004495a9","hash":"fa19b27f5cc61ac223b41a22972845579033377d"}
,"D:\\Learning\\Foyzul vai\\percel_koi\\Mongo_Express_practice\\src\\models\\user.js": {"path":"D:\\Learning\\Foyzul vai\\percel_koi\\Mongo_Express_practice\\src\\models\\user.js","statementMap":{"0":{"start":{"line":5,"column":19},"end":{"line":10,"column":1}},"1":{"start":{"line":13,"column":0},"end":{"line":13,"column":35}},"2":{"start":{"line":14,"column":13},"end":{"line":14,"column":47}}},"fnMap":{},"branchMap":{},"s":{"0":1,"1":1,"2":1},"f":{},"b":{},"_coverageSchema":"1a1c01bbd47fc00a2c39e90264f33305004495a9","hash":"1eaf9f4789e3d1144da2f3c7a38d7bbb72344503"}
,"D:\\Learning\\Foyzul vai\\percel_koi\\Mongo_Express_practice\\src\\models\\view-models\\index.js": {"path":"D:\\Learning\\Foyzul vai\\percel_koi\\Mongo_Express_practice\\src\\models\\view-models\\index.js","statementMap":{"0":{"start":{"line":3,"column":19},"end":{"line":3,"column":50}}},"fnMap":{},"branchMap":{},"s":{"0":1},"f":{},"b":{},"_coverageSchema":"1a1c01bbd47fc00a2c39e90264f33305004495a9","hash":"6cc13a7632d7afaa23b91cbf31782983f486a6d0"}
,"D:\\Learning\\Foyzul vai\\percel_koi\\Mongo_Express_practice\\src\\models\\view-models\\user-view-model.js": {"path":"D:\\Learning\\Foyzul vai\\percel_koi\\Mongo_Express_practice\\src\\models\\view-models\\user-view-model.js","statementMap":{"0":{"start":{"line":1,"column":12},"end":{"line":1,"column":26}},"1":{"start":{"line":3,"column":15},"end":{"line":5,"column":2}},"2":{"start":{"line":7,"column":17},"end":{"line":12,"column":1}},"3":{"start":{"line":8,"column":17},"end":{"line":8,"column":38}},"4":{"start":{"line":9,"column":2},"end":{"line":9,"column":30}},"5":{"start":{"line":10,"column":2},"end":{"line":10,"column":22}},"6":{"start":{"line":11,"column":2},"end":{"line":11,"column":16}}},"fnMap":{"0":{"name":"(anonymous_0)","decl":{"start":{"line":7,"column":17},"end":{"line":7,"column":18}},"loc":{"start":{"line":7,"column":27},"end":{"line":12,"column":1}},"line":7}},"branchMap":{},"s":{"0":1,"1":1,"2":1,"3":0,"4":0,"5":0,"6":0},"f":{"0":0},"b":{},"_coverageSchema":"1a1c01bbd47fc00a2c39e90264f33305004495a9","hash":"ad1f7aed6af57171001805401ab059e0fc6164a9"}
,"D:\\Learning\\Foyzul vai\\percel_koi\\Mongo_Express_practice\\src\\utils\\errors.js": {"path":"D:\\Learning\\Foyzul vai\\percel_koi\\Mongo_Express_practice\\src\\utils\\errors.js","statementMap":{"0":{"start":{"line":3,"column":4},"end":{"line":3,"column":12}},"1":{"start":{"line":4,"column":4},"end":{"line":4,"column":27}},"2":{"start":{"line":8,"column":4},"end":{"line":8,"column":15}},"3":{"start":{"line":14,"column":8},"end":{"line":14,"column":23}},"4":{"start":{"line":15,"column":8},"end":{"line":15,"column":34}},"5":{"start":{"line":18,"column":4},"end":{"line":18,"column":15}},"6":{"start":{"line":24,"column":4},"end":{"line":24,"column":19}},"7":{"start":{"line":25,"column":4},"end":{"line":25,"column":28}},"8":{"start":{"line":28,"column":4},"end":{"line":28,"column":15}}},"fnMap":{"0":{"name":"(anonymous_0)","decl":{"start":{"line":2,"column":2},"end":{"line":2,"column":3}},"loc":{"start":{"line":2,"column":23},"end":{"line":5,"column":3}},"line":2},"1":{"name":"(anonymous_1)","decl":{"start":{"line":7,"column":2},"end":{"line":7,"column":3}},"loc":{"start":{"line":7,"column":12},"end":{"line":9,"column":3}},"line":7},"2":{"name":"(anonymous_2)","decl":{"start":{"line":13,"column":4},"end":{"line":13,"column":5}},"loc":{"start":{"line":13,"column":25},"end":{"line":16,"column":7}},"line":13},"3":{"name":"(anonymous_3)","decl":{"start":{"line":17,"column":2},"end":{"line":17,"column":3}},"loc":{"start":{"line":17,"column":12},"end":{"line":19,"column":3}},"line":17},"4":{"name":"(anonymous_4)","decl":{"start":{"line":23,"column":2},"end":{"line":23,"column":3}},"loc":{"start":{"line":23,"column":23},"end":{"line":26,"column":3}},"line":23},"5":{"name":"(anonymous_5)","decl":{"start":{"line":27,"column":2},"end":{"line":27,"column":3}},"loc":{"start":{"line":27,"column":12},"end":{"line":29,"column":3}},"line":27}},"branchMap":{},"s":{"0":1,"1":1,"2":0,"3":0,"4":0,"5":0,"6":1,"7":1,"8":1},"f":{"0":1,"1":0,"2":0,"3":0,"4":1,"5":1},"b":{},"_coverageSchema":"1a1c01bbd47fc00a2c39e90264f33305004495a9","hash":"d8aa87f6ec98e0f1a2320e43568a7c86521aa41a"}
}
