{"D:\\Learning\\Foyzul vai\\percel_koi\\Mongo_Express_practice\\app.js": {"path":"D:\\Learning\\Foyzul vai\\percel_koi\\Mongo_Express_practice\\app.js","statementMap":{"0":{"start":{"line":11,"column":12},"end":{"line":11,"column":21}},"1":{"start":{"line":13,"column":0},"end":{"line":13,"column":24}},"2":{"start":{"line":15,"column":23},"end":{"line":24,"column":1}},"3":{"start":{"line":16,"column":22},"end":{"line":16,"column":53}},"4":{"start":{"line":17,"column":2},"end":{"line":20,"column":3}},"5":{"start":{"line":18,"column":4},"end":{"line":18,"column":42}},"6":{"start":{"line":19,"column":4},"end":{"line":19,"column":52}},"7":{"start":{"line":22,"column":2},"end":{"line":22,"column":45}},"8":{"start":{"line":23,"column":2},"end":{"line":23,"column":16}},"9":{"start":{"line":26,"column":0},"end":{"line":26,"column":24}},"10":{"start":{"line":28,"column":0},"end":{"line":28,"column":16}},"11":{"start":{"line":30,"column":19},"end":{"line":36,"column":1}},"12":{"start":{"line":31,"column":12},"end":{"line":34,"column":3}},"13":{"start":{"line":35,"column":2},"end":{"line":35,"column":29}},"14":{"start":{"line":38,"column":26},"end":{"line":41,"column":2}},"15":{"start":{"line":43,"column":27},"end":{"line":46,"column":2}},"16":{"start":{"line":48,"column":28},"end":{"line":51,"column":2}},"17":{"start":{"line":60,"column":19},"end":{"line":68,"column":2}},"18":{"start":{"line":70,"column":20},"end":{"line":76,"column":2}},"19":{"start":{"line":78,"column":0},"end":{"line":78,"column":20}},"20":{"start":{"line":80,"column":0},"end":{"line":80,"column":15}},"21":{"start":{"line":82,"column":0},"end":{"line":82,"column":21}},"22":{"start":{"line":84,"column":0},"end":{"line":84,"column":22}}},"fnMap":{"0":{"name":"(anonymous_0)","decl":{"start":{"line":15,"column":23},"end":{"line":15,"column":24}},"loc":{"start":{"line":15,"column":49},"end":{"line":24,"column":1}},"line":15},"1":{"name":"(anonymous_1)","decl":{"start":{"line":30,"column":19},"end":{"line":30,"column":20}},"loc":{"start":{"line":30,"column":33},"end":{"line":36,"column":1}},"line":30}},"branchMap":{"0":{"loc":{"start":{"line":17,"column":2},"end":{"line":20,"column":3}},"type":"if","locations":[{"start":{"line":17,"column":2},"end":{"line":20,"column":3}},{"start":{},"end":{}}],"line":17}},"s":{"0":1,"1":1,"2":1,"3":1,"4":1,"5":1,"6":1,"7":1,"8":1,"9":1,"10":1,"11":1,"12":1,"13":1,"14":1,"15":1,"16":1,"17":1,"18":1,"19":1,"20":1,"21":1,"22":1},"f":{"0":1,"1":1},"b":{"0":[1,0]},"_coverageSchema":"1a1c01bbd47fc00a2c39e90264f33305004495a9","hash":"1073444f9ea39478f77160a71ed5a809b1ddcbc8"}
,"D:\\Learning\\Foyzul vai\\percel_koi\\Mongo_Express_practice\\mongo.js": {"path":"D:\\Learning\\Foyzul vai\\percel_koi\\Mongo_Express_practice\\mongo.js","statementMap":{"0":{"start":{"line":3,"column":19},"end":{"line":3,"column":60}},"1":{"start":{"line":5,"column":16},"end":{"line":11,"column":1}},"2":{"start":{"line":13,"column":29},"end":{"line":20,"column":1}},"3":{"start":{"line":14,"column":2},"end":{"line":19,"column":5}},"4":{"start":{"line":15,"column":4},"end":{"line":17,"column":5}},"5":{"start":{"line":16,"column":5},"end":{"line":16,"column":15}}},"fnMap":{"0":{"name":"(anonymous_0)","decl":{"start":{"line":13,"column":29},"end":{"line":13,"column":30}},"loc":{"start":{"line":13,"column":35},"end":{"line":20,"column":1}},"line":13},"1":{"name":"(anonymous_1)","decl":{"start":{"line":14,"column":58},"end":{"line":14,"column":59}},"loc":{"start":{"line":14,"column":71},"end":{"line":19,"column":3}},"line":14}},"branchMap":{"0":{"loc":{"start":{"line":15,"column":4},"end":{"line":17,"column":5}},"type":"if","locations":[{"start":{"line":15,"column":4},"end":{"line":17,"column":5}},{"start":{},"end":{}}],"line":15}},"s":{"0":1,"1":1,"2":1,"3":1,"4":1,"5":0},"f":{"0":1,"1":1},"b":{"0":[0,1]},"_coverageSchema":"1a1c01bbd47fc00a2c39e90264f33305004495a9","hash":"fbc678ed0bf927e1065a5244ed81464db7b9ddf0"}
,"D:\\Learning\\Foyzul vai\\percel_koi\\Mongo_Express_practice\\controllers\\index.js": {"path":"D:\\Learning\\Foyzul vai\\percel_koi\\Mongo_Express_practice\\controllers\\index.js","statementMap":{"0":{"start":{"line":3,"column":17},"end":{"line":5,"column":1}},"1":{"start":{"line":4,"column":4},"end":{"line":4,"column":33}}},"fnMap":{"0":{"name":"(anonymous_0)","decl":{"start":{"line":3,"column":17},"end":{"line":3,"column":18}},"loc":{"start":{"line":3,"column":25},"end":{"line":5,"column":1}},"line":3}},"branchMap":{},"s":{"0":1,"1":1},"f":{"0":1},"b":{},"_coverageSchema":"1a1c01bbd47fc00a2c39e90264f33305004495a9","hash":"f0a7782e5f4377814351071b4a1ee4a508b444e2"}
,"D:\\Learning\\Foyzul vai\\percel_koi\\Mongo_Express_practice\\controllers\\userController.js": {"path":"D:\\Learning\\Foyzul vai\\percel_koi\\Mongo_Express_practice\\controllers\\userController.js","statementMap":{"0":{"start":{"line":12,"column":15},"end":{"line":12,"column":31}},"1":{"start":{"line":14,"column":19},"end":{"line":21,"column":1}},"2":{"start":{"line":15,"column":2},"end":{"line":20,"column":3}},"3":{"start":{"line":16,"column":18},"end":{"line":16,"column":37}},"4":{"start":{"line":17,"column":4},"end":{"line":17,"column":32}},"5":{"start":{"line":19,"column":4},"end":{"line":19,"column":33}},"6":{"start":{"line":22,"column":20},"end":{"line":30,"column":1}},"7":{"start":{"line":23,"column":2},"end":{"line":29,"column":3}},"8":{"start":{"line":24,"column":17},"end":{"line":24,"column":25}},"9":{"start":{"line":25,"column":17},"end":{"line":25,"column":37}},"10":{"start":{"line":26,"column":4},"end":{"line":26,"column":35}},"11":{"start":{"line":28,"column":4},"end":{"line":28,"column":33}},"12":{"start":{"line":32,"column":19},"end":{"line":40,"column":1}},"13":{"start":{"line":33,"column":2},"end":{"line":39,"column":3}},"14":{"start":{"line":34,"column":17},"end":{"line":34,"column":25}},"15":{"start":{"line":35,"column":17},"end":{"line":35,"column":35}},"16":{"start":{"line":36,"column":4},"end":{"line":36,"column":35}},"17":{"start":{"line":38,"column":4},"end":{"line":38,"column":33}},"18":{"start":{"line":42,"column":22},"end":{"line":50,"column":1}},"19":{"start":{"line":43,"column":2},"end":{"line":49,"column":3}},"20":{"start":{"line":44,"column":15},"end":{"line":44,"column":28}},"21":{"start":{"line":45,"column":4},"end":{"line":45,"column":25}},"22":{"start":{"line":46,"column":4},"end":{"line":46,"column":41}},"23":{"start":{"line":48,"column":4},"end":{"line":48,"column":33}},"24":{"start":{"line":52,"column":0},"end":{"line":52,"column":28}},"25":{"start":{"line":53,"column":0},"end":{"line":53,"column":78}},"26":{"start":{"line":54,"column":0},"end":{"line":54,"column":28}},"27":{"start":{"line":55,"column":0},"end":{"line":55,"column":37}},"28":{"start":{"line":57,"column":18},"end":{"line":59,"column":1}},"29":{"start":{"line":58,"column":2},"end":{"line":58,"column":28}}},"fnMap":{"0":{"name":"(anonymous_0)","decl":{"start":{"line":14,"column":19},"end":{"line":14,"column":20}},"loc":{"start":{"line":14,"column":45},"end":{"line":21,"column":1}},"line":14},"1":{"name":"(anonymous_1)","decl":{"start":{"line":22,"column":20},"end":{"line":22,"column":21}},"loc":{"start":{"line":22,"column":46},"end":{"line":30,"column":1}},"line":22},"2":{"name":"(anonymous_2)","decl":{"start":{"line":32,"column":19},"end":{"line":32,"column":20}},"loc":{"start":{"line":32,"column":45},"end":{"line":40,"column":1}},"line":32},"3":{"name":"(anonymous_3)","decl":{"start":{"line":42,"column":22},"end":{"line":42,"column":23}},"loc":{"start":{"line":42,"column":48},"end":{"line":50,"column":1}},"line":42},"4":{"name":"(anonymous_4)","decl":{"start":{"line":57,"column":18},"end":{"line":57,"column":19}},"loc":{"start":{"line":57,"column":27},"end":{"line":59,"column":1}},"line":57}},"branchMap":{},"s":{"0":1,"1":1,"2":1,"3":1,"4":1,"5":0,"6":1,"7":0,"8":0,"9":0,"10":0,"11":0,"12":1,"13":0,"14":0,"15":0,"16":0,"17":0,"18":1,"19":0,"20":0,"21":0,"22":0,"23":0,"24":1,"25":1,"26":1,"27":1,"28":1,"29":1},"f":{"0":1,"1":0,"2":0,"3":0,"4":1},"b":{},"_coverageSchema":"1a1c01bbd47fc00a2c39e90264f33305004495a9","hash":"2f3e402ddfb630b6f72c21b90106bc49c9a1dbff"}
,"D:\\Learning\\Foyzul vai\\percel_koi\\Mongo_Express_practice\\middlewares\\handleErrors.js": {"path":"D:\\Learning\\Foyzul vai\\percel_koi\\Mongo_Express_practice\\middlewares\\handleErrors.js","statementMap":{"0":{"start":{"line":3,"column":28},"end":{"line":14,"column":1}},"1":{"start":{"line":4,"column":13},"end":{"line":4,"column":16}},"2":{"start":{"line":5,"column":2},"end":{"line":8,"column":3}},"3":{"start":{"line":6,"column":4},"end":{"line":6,"column":25}},"4":{"start":{"line":9,"column":22},"end":{"line":9,"column":53}},"5":{"start":{"line":10,"column":2},"end":{"line":13,"column":5}}},"fnMap":{"0":{"name":"(anonymous_0)","decl":{"start":{"line":3,"column":28},"end":{"line":3,"column":29}},"loc":{"start":{"line":3,"column":59},"end":{"line":14,"column":1}},"line":3}},"branchMap":{"0":{"loc":{"start":{"line":5,"column":2},"end":{"line":8,"column":3}},"type":"if","locations":[{"start":{"line":5,"column":2},"end":{"line":8,"column":3}},{"start":{},"end":{}}],"line":5}},"s":{"0":1,"1":0,"2":0,"3":0,"4":0,"5":0},"f":{"0":0},"b":{"0":[0,0]},"_coverageSchema":"1a1c01bbd47fc00a2c39e90264f33305004495a9","hash":"61acf434aff31aa84744f4cc34755e9f041ffec2"}
,"D:\\Learning\\Foyzul vai\\percel_koi\\Mongo_Express_practice\\middlewares\\handleValidations.js": {"path":"D:\\Learning\\Foyzul vai\\percel_koi\\Mongo_Express_practice\\middlewares\\handleValidations.js","statementMap":{"0":{"start":{"line":3,"column":32},"end":{"line":15,"column":1}},"1":{"start":{"line":4,"column":2},"end":{"line":14,"column":4}},"2":{"start":{"line":5,"column":19},"end":{"line":5,"column":37}},"3":{"start":{"line":6,"column":20},"end":{"line":6,"column":40}},"4":{"start":{"line":7,"column":4},"end":{"line":9,"column":5}},"5":{"start":{"line":8,"column":6},"end":{"line":8,"column":20}},"6":{"start":{"line":10,"column":24},"end":{"line":10,"column":36}},"7":{"start":{"line":11,"column":21},"end":{"line":11,"column":50}},"8":{"start":{"line":11,"column":40},"end":{"line":11,"column":49}},"9":{"start":{"line":12,"column":16},"end":{"line":12,"column":34}},"10":{"start":{"line":13,"column":4},"end":{"line":13,"column":30}}},"fnMap":{"0":{"name":"(anonymous_0)","decl":{"start":{"line":3,"column":32},"end":{"line":3,"column":33}},"loc":{"start":{"line":3,"column":46},"end":{"line":15,"column":1}},"line":3},"1":{"name":"(anonymous_1)","decl":{"start":{"line":4,"column":9},"end":{"line":4,"column":10}},"loc":{"start":{"line":4,"column":29},"end":{"line":14,"column":3}},"line":4},"2":{"name":"(anonymous_2)","decl":{"start":{"line":11,"column":33},"end":{"line":11,"column":34}},"loc":{"start":{"line":11,"column":40},"end":{"line":11,"column":49}},"line":11}},"branchMap":{"0":{"loc":{"start":{"line":7,"column":4},"end":{"line":9,"column":5}},"type":"if","locations":[{"start":{"line":7,"column":4},"end":{"line":9,"column":5}},{"start":{},"end":{}}],"line":7}},"s":{"0":1,"1":1,"2":0,"3":0,"4":0,"5":0,"6":0,"7":0,"8":0,"9":0,"10":0},"f":{"0":1,"1":0,"2":0},"b":{"0":[0,0]},"_coverageSchema":"1a1c01bbd47fc00a2c39e90264f33305004495a9","hash":"7d48a1a4ab74c837ec7808fdff0b01dd4a8e6cc0"}
,"D:\\Learning\\Foyzul vai\\percel_koi\\Mongo_Express_practice\\models\\index.js": {"path":"D:\\Learning\\Foyzul vai\\percel_koi\\Mongo_Express_practice\\models\\index.js","statementMap":{"0":{"start":{"line":3,"column":15},"end":{"line":3,"column":23}}},"fnMap":{},"branchMap":{},"s":{"0":1},"f":{},"b":{},"_coverageSchema":"1a1c01bbd47fc00a2c39e90264f33305004495a9","hash":"eb4b58eb85991fdd04b946b2fe99fe4a0114ca0d"}
,"D:\\Learning\\Foyzul vai\\percel_koi\\Mongo_Express_practice\\models\\user.js": {"path":"D:\\Learning\\Foyzul vai\\percel_koi\\Mongo_Express_practice\\models\\user.js","statementMap":{"0":{"start":{"line":5,"column":19},"end":{"line":10,"column":1}},"1":{"start":{"line":13,"column":0},"end":{"line":13,"column":35}},"2":{"start":{"line":14,"column":13},"end":{"line":14,"column":47}}},"fnMap":{},"branchMap":{},"s":{"0":1,"1":1,"2":1},"f":{},"b":{},"_coverageSchema":"1a1c01bbd47fc00a2c39e90264f33305004495a9","hash":"5926764279022f097e2eee1a2c3f1b68dec4ecc8"}
,"D:\\Learning\\Foyzul vai\\percel_koi\\Mongo_Express_practice\\models\\view-models\\index.js": {"path":"D:\\Learning\\Foyzul vai\\percel_koi\\Mongo_Express_practice\\models\\view-models\\index.js","statementMap":{"0":{"start":{"line":3,"column":19},"end":{"line":3,"column":50}}},"fnMap":{},"branchMap":{},"s":{"0":1},"f":{},"b":{},"_coverageSchema":"1a1c01bbd47fc00a2c39e90264f33305004495a9","hash":"7817fbf859517cf0481dbf66c171c8a02189b5fe"}
,"D:\\Learning\\Foyzul vai\\percel_koi\\Mongo_Express_practice\\models\\view-models\\user-view-model.js": {"path":"D:\\Learning\\Foyzul vai\\percel_koi\\Mongo_Express_practice\\models\\view-models\\user-view-model.js","statementMap":{"0":{"start":{"line":1,"column":12},"end":{"line":1,"column":26}},"1":{"start":{"line":3,"column":15},"end":{"line":5,"column":2}},"2":{"start":{"line":7,"column":17},"end":{"line":12,"column":1}},"3":{"start":{"line":8,"column":17},"end":{"line":8,"column":38}},"4":{"start":{"line":9,"column":2},"end":{"line":9,"column":30}},"5":{"start":{"line":10,"column":2},"end":{"line":10,"column":22}},"6":{"start":{"line":11,"column":2},"end":{"line":11,"column":16}}},"fnMap":{"0":{"name":"(anonymous_0)","decl":{"start":{"line":7,"column":17},"end":{"line":7,"column":18}},"loc":{"start":{"line":7,"column":27},"end":{"line":12,"column":1}},"line":7}},"branchMap":{},"s":{"0":1,"1":1,"2":1,"3":0,"4":0,"5":0,"6":0},"f":{"0":0},"b":{},"_coverageSchema":"1a1c01bbd47fc00a2c39e90264f33305004495a9","hash":"1b5a22e985db24db70f2ded93ecdcb27b1332aa6"}
,"D:\\Learning\\Foyzul vai\\percel_koi\\Mongo_Express_practice\\services\\userService.js": {"path":"D:\\Learning\\Foyzul vai\\percel_koi\\Mongo_Express_practice\\services\\userService.js","statementMap":{"0":{"start":{"line":4,"column":27},"end":{"line":8,"column":1}},"1":{"start":{"line":5,"column":15},"end":{"line":5,"column":26}},"2":{"start":{"line":6,"column":16},"end":{"line":6,"column":33}},"3":{"start":{"line":7,"column":2},"end":{"line":7,"column":15}},"4":{"start":{"line":10,"column":24},"end":{"line":14,"column":1}},"5":{"start":{"line":11,"column":16},"end":{"line":11,"column":37}},"6":{"start":{"line":12,"column":19},"end":{"line":12,"column":37}},"7":{"start":{"line":13,"column":2},"end":{"line":13,"column":18}},"8":{"start":{"line":16,"column":22},"end":{"line":26,"column":1}},"9":{"start":{"line":17,"column":13},"end":{"line":17,"column":21}},"10":{"start":{"line":18,"column":15},"end":{"line":18,"column":26}},"11":{"start":{"line":19,"column":14},"end":{"line":19,"column":37}},"12":{"start":{"line":20,"column":2},"end":{"line":24,"column":3}},"13":{"start":{"line":21,"column":4},"end":{"line":21,"column":35}},"14":{"start":{"line":22,"column":4},"end":{"line":22,"column":17}},"15":{"start":{"line":23,"column":4},"end":{"line":23,"column":17}},"16":{"start":{"line":25,"column":2},"end":{"line":25,"column":52}},"17":{"start":{"line":28,"column":26},"end":{"line":36,"column":1}},"18":{"start":{"line":29,"column":15},"end":{"line":29,"column":26}},"19":{"start":{"line":30,"column":14},"end":{"line":30,"column":37}},"20":{"start":{"line":31,"column":2},"end":{"line":34,"column":3}},"21":{"start":{"line":32,"column":19},"end":{"line":32,"column":46}},"22":{"start":{"line":33,"column":4},"end":{"line":33,"column":18}},"23":{"start":{"line":35,"column":2},"end":{"line":35,"column":52}}},"fnMap":{"0":{"name":"(anonymous_0)","decl":{"start":{"line":4,"column":27},"end":{"line":4,"column":28}},"loc":{"start":{"line":4,"column":39},"end":{"line":8,"column":1}},"line":4},"1":{"name":"(anonymous_1)","decl":{"start":{"line":10,"column":24},"end":{"line":10,"column":25}},"loc":{"start":{"line":10,"column":40},"end":{"line":14,"column":1}},"line":10},"2":{"name":"(anonymous_2)","decl":{"start":{"line":16,"column":22},"end":{"line":16,"column":23}},"loc":{"start":{"line":16,"column":38},"end":{"line":26,"column":1}},"line":16},"3":{"name":"(anonymous_3)","decl":{"start":{"line":28,"column":26},"end":{"line":28,"column":27}},"loc":{"start":{"line":28,"column":40},"end":{"line":36,"column":1}},"line":28}},"branchMap":{"0":{"loc":{"start":{"line":20,"column":2},"end":{"line":24,"column":3}},"type":"if","locations":[{"start":{"line":20,"column":2},"end":{"line":24,"column":3}},{"start":{},"end":{}}],"line":20},"1":{"loc":{"start":{"line":31,"column":2},"end":{"line":34,"column":3}},"type":"if","locations":[{"start":{"line":31,"column":2},"end":{"line":34,"column":3}},{"start":{},"end":{}}],"line":31}},"s":{"0":1,"1":1,"2":1,"3":1,"4":1,"5":0,"6":0,"7":0,"8":1,"9":0,"10":0,"11":0,"12":0,"13":0,"14":0,"15":0,"16":0,"17":1,"18":0,"19":0,"20":0,"21":0,"22":0,"23":0},"f":{"0":1,"1":0,"2":0,"3":0},"b":{"0":[0,0],"1":[0,0]},"_coverageSchema":"1a1c01bbd47fc00a2c39e90264f33305004495a9","hash":"01a673731a9dbcbfe571df70bc8974d33a1787ff"}
,"D:\\Learning\\Foyzul vai\\percel_koi\\Mongo_Express_practice\\utils\\errors.js": {"path":"D:\\Learning\\Foyzul vai\\percel_koi\\Mongo_Express_practice\\utils\\errors.js","statementMap":{"0":{"start":{"line":3,"column":4},"end":{"line":3,"column":12}},"1":{"start":{"line":4,"column":4},"end":{"line":4,"column":27}},"2":{"start":{"line":8,"column":4},"end":{"line":8,"column":15}},"3":{"start":{"line":14,"column":8},"end":{"line":14,"column":23}},"4":{"start":{"line":15,"column":8},"end":{"line":15,"column":34}},"5":{"start":{"line":18,"column":4},"end":{"line":18,"column":15}},"6":{"start":{"line":24,"column":4},"end":{"line":24,"column":19}},"7":{"start":{"line":25,"column":4},"end":{"line":25,"column":28}},"8":{"start":{"line":28,"column":4},"end":{"line":28,"column":15}}},"fnMap":{"0":{"name":"(anonymous_0)","decl":{"start":{"line":2,"column":2},"end":{"line":2,"column":3}},"loc":{"start":{"line":2,"column":23},"end":{"line":5,"column":3}},"line":2},"1":{"name":"(anonymous_1)","decl":{"start":{"line":7,"column":2},"end":{"line":7,"column":3}},"loc":{"start":{"line":7,"column":12},"end":{"line":9,"column":3}},"line":7},"2":{"name":"(anonymous_2)","decl":{"start":{"line":13,"column":4},"end":{"line":13,"column":5}},"loc":{"start":{"line":13,"column":25},"end":{"line":16,"column":7}},"line":13},"3":{"name":"(anonymous_3)","decl":{"start":{"line":17,"column":2},"end":{"line":17,"column":3}},"loc":{"start":{"line":17,"column":12},"end":{"line":19,"column":3}},"line":17},"4":{"name":"(anonymous_4)","decl":{"start":{"line":23,"column":2},"end":{"line":23,"column":3}},"loc":{"start":{"line":23,"column":23},"end":{"line":26,"column":3}},"line":23},"5":{"name":"(anonymous_5)","decl":{"start":{"line":27,"column":2},"end":{"line":27,"column":3}},"loc":{"start":{"line":27,"column":12},"end":{"line":29,"column":3}},"line":27}},"branchMap":{},"s":{"0":0,"1":0,"2":0,"3":0,"4":0,"5":0,"6":0,"7":0,"8":0},"f":{"0":0,"1":0,"2":0,"3":0,"4":0,"5":0},"b":{},"_coverageSchema":"1a1c01bbd47fc00a2c39e90264f33305004495a9","hash":"f21744b94e76f6be9927061d38794d6e0ff6f488"}
}
